2023-11-27 13:28:00,082 - INFO - Game started.
2023-11-27 13:28:01,772 - INFO - player X is bot
2023-11-27 13:28:02,512 - INFO - player O is bot
2023-11-27 13:28:02,512 - INFO - Player X placed X at (2, 1).
2023-11-27 13:28:02,512 - INFO - Player O placed O at (1, 3).
2023-11-27 13:28:02,515 - INFO - Player X placed X at (1, 2).
2023-11-27 13:28:02,515 - INFO - Player O placed O at (3, 2).
2023-11-27 13:28:02,515 - INFO - Player X placed X at (1, 1).
2023-11-27 13:28:02,515 - INFO - Player O placed O at (2, 2).
2023-11-27 13:28:02,515 - INFO - Player X placed X at (3, 1).
2023-11-27 13:28:02,515 - INFO - Player X wins the game.
2023-11-27 13:28:02,515 - INFO - Game ended.
2023-11-27 13:44:33,524 - INFO - Game started.
2023-11-27 13:44:36,392 - INFO - player X is bot
2023-11-27 13:44:38,059 - INFO - player O is bot
2023-11-27 13:44:38,060 - INFO - Player X placed X at (1, 3).
2023-11-27 13:44:38,060 - INFO - Player O placed O at (2, 3).
2023-11-27 13:44:38,061 - INFO - Player X placed X at (3, 3).
2023-11-27 13:44:38,062 - INFO - Player O placed O at (1, 2).
2023-11-27 13:44:38,062 - INFO - Player X placed X at (2, 2).
2023-11-27 13:44:38,062 - INFO - Player O placed O at (3, 2).
2023-11-27 13:44:38,065 - INFO - Player X placed X at (3, 1).
2023-11-27 13:44:38,066 - INFO - Player X wins the game.
2023-11-27 13:44:38,069 - INFO - Game ended.
2023-11-27 13:44:44,338 - INFO - Game started.
2023-11-27 13:44:45,876 - INFO - player X is bot
2023-11-27 13:44:46,663 - INFO - player O is bot
2023-11-27 13:44:46,665 - INFO - Player X placed X at (1, 2).
2023-11-27 13:44:46,665 - INFO - Player O placed O at (2, 1).
2023-11-27 13:44:46,666 - INFO - Player X placed X at (1, 1).
2023-11-27 13:44:46,668 - INFO - Player O placed O at (2, 3).
2023-11-27 13:44:46,668 - INFO - Player X placed X at (3, 3).
2023-11-27 13:44:46,669 - INFO - Player O placed O at (1, 3).
2023-11-27 13:44:46,669 - INFO - Player X placed X at (3, 1).
2023-11-27 13:44:46,669 - INFO - Player O placed O at (2, 2).
2023-11-27 13:44:46,670 - INFO - Player O wins the game.
2023-11-27 13:44:46,673 - INFO - Game ended.
2023-11-27 13:44:48,636 - INFO - Game started.
2023-11-27 13:44:49,915 - INFO - player X is bot
2023-11-27 13:44:50,657 - INFO - player O is bot
2023-11-27 13:44:50,659 - INFO - Player X placed X at (1, 1).
2023-11-27 13:44:50,659 - INFO - Player O placed O at (1, 2).
2023-11-27 13:44:50,660 - INFO - Player X placed X at (2, 1).
2023-11-27 13:44:50,660 - INFO - Player O placed O at (3, 3).
2023-11-27 13:44:50,660 - INFO - Player X placed X at (2, 2).
2023-11-27 13:44:50,662 - INFO - Player O placed O at (1, 3).
2023-11-27 13:44:50,662 - INFO - Player X placed X at (3, 1).
2023-11-27 13:44:50,664 - INFO - Player X wins the game.
2023-11-27 13:44:50,666 - INFO - Game ended.
2023-11-27 13:44:52,924 - INFO - Game started.
2023-11-27 13:44:55,437 - INFO - player X is bot
2023-11-27 13:44:56,237 - INFO - player O is bot
2023-11-27 13:44:56,252 - INFO - Player X placed X at (1, 1).
2023-11-27 13:44:56,252 - INFO - Player O placed O at (3, 1).
2023-11-27 13:44:56,253 - INFO - Player X placed X at (1, 3).
2023-11-27 13:44:56,254 - INFO - Player O placed O at (2, 2).
2023-11-27 13:44:56,254 - INFO - Player X placed X at (2, 3).
2023-11-27 13:44:56,256 - INFO - Player O placed O at (3, 2).
2023-11-27 13:44:56,257 - INFO - Player X placed X at (2, 1).
2023-11-27 13:44:56,258 - INFO - Player O placed O at (3, 3).
2023-11-27 13:44:56,259 - INFO - Player O wins the game.
2023-11-27 13:44:56,264 - INFO - Game ended.
2023-11-27 13:45:09,662 - INFO - Game started.
2023-11-27 13:45:14,836 - INFO - player X is bot
2023-11-27 13:45:15,669 - INFO - player O is bot
2023-11-27 13:45:15,670 - INFO - Player X placed X at (3, 1).
2023-11-27 13:45:15,671 - INFO - Player O placed O at (3, 2).
2023-11-27 13:45:15,672 - INFO - Player X placed X at (1, 2).
2023-11-27 13:45:15,672 - INFO - Player O placed O at (1, 1).
2023-11-27 13:45:15,673 - INFO - Player X placed X at (2, 1).
2023-11-27 13:45:15,674 - INFO - Player O placed O at (3, 3).
2023-11-27 13:45:15,674 - INFO - Player X placed X at (1, 3).
2023-11-27 13:45:15,675 - INFO - Player O placed O at (2, 3).
2023-11-27 13:45:15,676 - INFO - Player X placed X at (2, 2).
2023-11-27 13:45:15,676 - INFO - Player X wins the game.
2023-11-27 13:45:15,679 - INFO - Game ended.
2023-11-27 13:45:28,839 - INFO - Game started.
2023-11-27 13:45:32,115 - INFO - player X is bot
2023-11-27 13:45:33,193 - INFO - player O is bot
2023-11-27 13:45:33,193 - INFO - Player X placed X at (1, 3).
2023-11-27 13:45:33,209 - INFO - Player O placed O at (2, 2).
2023-11-27 13:45:33,210 - INFO - Player X placed X at (3, 1).
2023-11-27 13:45:33,210 - INFO - Player O placed O at (3, 3).
2023-11-27 13:45:33,211 - INFO - Player X placed X at (2, 1).
2023-11-27 13:45:33,212 - INFO - Player O placed O at (1, 2).
2023-11-27 13:45:33,212 - INFO - Player X placed X at (3, 2).
2023-11-27 13:45:33,214 - INFO - Player O placed O at (2, 3).
2023-11-27 13:45:33,214 - INFO - Player X placed X at (1, 1).
2023-11-27 13:45:33,215 - INFO - Player X wins the game.
2023-11-27 13:45:33,217 - INFO - Game ended.
2023-11-27 13:45:35,353 - INFO - Game started.
2023-11-27 13:45:36,448 - INFO - player X is bot
2023-11-27 13:45:37,380 - INFO - player O is bot
2023-11-27 13:45:37,383 - INFO - Player X placed X at (2, 3).
2023-11-27 13:45:37,384 - INFO - Player O placed O at (1, 2).
2023-11-27 13:45:37,385 - INFO - Player X placed X at (1, 1).
2023-11-27 13:45:37,385 - INFO - Player O placed O at (3, 1).
2023-11-27 13:45:37,386 - INFO - Player X placed X at (2, 1).
2023-11-27 13:45:37,386 - INFO - Player O placed O at (3, 3).
2023-11-27 13:45:37,388 - INFO - Player X placed X at (2, 2).
2023-11-27 13:45:37,389 - INFO - Player X wins the game.
2023-11-27 13:45:37,391 - INFO - Game ended.
2023-11-27 13:45:39,312 - INFO - Game started.
2023-11-27 13:45:40,396 - INFO - player X is bot
2023-11-27 13:45:41,183 - INFO - player O is bot
2023-11-27 13:45:41,185 - INFO - Player X placed X at (1, 3).
2023-11-27 13:45:41,185 - INFO - Player O placed O at (1, 1).
2023-11-27 13:45:41,186 - INFO - Player X placed X at (3, 1).
2023-11-27 13:45:41,188 - INFO - Player O placed O at (2, 1).
2023-11-27 13:45:41,188 - INFO - Player X placed X at (3, 2).
2023-11-27 13:45:41,189 - INFO - Player O placed O at (3, 3).
2023-11-27 13:45:41,189 - INFO - Player X placed X at (2, 2).
2023-11-27 13:45:41,191 - INFO - Player X wins the game.
2023-11-27 13:45:41,192 - INFO - Game ended.
2023-11-27 13:45:43,348 - INFO - Game started.
2023-11-27 13:45:44,503 - INFO - player X is bot
2023-11-27 13:45:45,145 - INFO - player O is bot
2023-11-27 13:45:45,146 - INFO - Player X placed X at (1, 1).
2023-11-27 13:45:45,146 - INFO - Player O placed O at (2, 2).
2023-11-27 13:45:45,148 - INFO - Player X placed X at (3, 3).
2023-11-27 13:45:45,148 - INFO - Player O placed O at (2, 1).
2023-11-27 13:45:45,148 - INFO - Player X placed X at (1, 2).
2023-11-27 13:45:45,151 - INFO - Player O placed O at (1, 3).
2023-11-27 13:45:45,152 - INFO - Player X placed X at (3, 2).
2023-11-27 13:45:45,152 - INFO - Player O placed O at (3, 1).
2023-11-27 13:45:45,153 - INFO - Player O wins the game.
2023-11-27 13:45:45,154 - INFO - Game ended.
2023-11-27 13:45:48,678 - INFO - Game started.
2023-11-27 13:45:50,970 - INFO - player X is human
2023-11-27 13:45:52,107 - INFO - player O is bot
2023-11-27 13:45:53,953 - INFO - Player X placed X at (2, 2).
2023-11-27 13:45:53,954 - INFO - Player O placed O at (1, 2).
2023-11-27 13:45:55,922 - INFO - Player X placed X at (1, 1).
2023-11-27 13:45:55,923 - INFO - Player O placed O at (2, 3).
2023-11-27 13:45:57,947 - INFO - Player X placed X at (3, 3).
2023-11-27 13:45:57,948 - INFO - Player X wins the game.
2023-11-27 13:45:57,949 - INFO - Game ended.
2023-11-27 13:46:00,554 - INFO - Game started.
2023-11-27 13:46:02,513 - INFO - player X is human
2023-11-27 13:46:03,931 - INFO - player O is bot
2023-11-27 13:46:06,396 - INFO - Player X placed X at (1, 1).
2023-11-27 13:46:06,397 - INFO - Player O placed O at (1, 2).
2023-11-27 13:46:08,174 - INFO - Player X placed X at (2, 2).
2023-11-27 13:46:08,175 - INFO - Player O placed O at (3, 3).
2023-11-27 13:46:11,324 - INFO - Player X placed X at (2, 1).
2023-11-27 13:46:11,326 - INFO - Player O placed O at (2, 3).
2023-11-27 13:46:14,641 - INFO - Player X placed X at (1, 3).
2023-11-27 13:46:14,642 - INFO - Player O placed O at (3, 1).
2023-11-27 13:46:19,199 - INFO - Player X placed X at (3, 2).
2023-11-27 13:46:19,200 - INFO - The game ended in a draw.
2023-11-27 13:46:19,202 - INFO - Game ended.
2023-11-27 13:46:22,423 - INFO - Game started.
2023-11-27 13:46:23,993 - INFO - player X is human
2023-11-27 13:46:24,665 - INFO - player O is bot
2023-11-27 13:46:26,310 - INFO - Player X placed X at (1, 1).
2023-11-27 13:46:26,310 - INFO - Player O placed O at (2, 3).
2023-11-27 13:46:28,739 - INFO - Player X placed X at (3, 3).
2023-11-27 13:46:28,740 - INFO - Player O placed O at (1, 2).
2023-11-27 13:46:31,395 - INFO - Player X placed X at (2, 2).
2023-11-27 13:46:31,396 - INFO - Player X wins the game.
2023-11-27 13:46:31,397 - INFO - Game ended.
2023-11-27 13:46:33,849 - INFO - Game started.
2023-11-27 13:46:36,333 - INFO - player X is human
2023-11-27 13:46:36,974 - INFO - player O is bot
2023-11-27 13:46:39,956 - INFO - Player X placed X at (1, 1).
2023-11-27 13:46:39,958 - INFO - Player O placed O at (3, 2).
2023-11-27 13:46:42,352 - INFO - Player X placed X at (3, 3).
2023-11-27 13:46:42,353 - INFO - Player O placed O at (1, 3).
2023-11-27 13:46:48,134 - INFO - Player X placed X at (2, 2).
2023-11-27 13:46:48,135 - INFO - Player X wins the game.
2023-11-27 13:46:48,137 - INFO - Game ended.
2023-11-27 13:46:50,506 - INFO - Game started.
2023-11-27 13:46:51,487 - INFO - player X is bot
2023-11-27 13:46:52,779 - INFO - player O is human
2023-11-27 13:46:52,782 - INFO - Player X placed X at (3, 2).
2023-11-27 13:46:57,810 - INFO - Player O placed O at (2, 2).
2023-11-27 13:46:57,811 - INFO - Player X placed X at (3, 3).
2023-11-27 13:47:02,625 - WARNING - Invalid input from the player.
2023-11-27 13:47:07,328 - INFO - Player O placed O at (3, 1).
2023-11-27 13:47:07,329 - INFO - Player X placed X at (2, 1).
2023-11-27 13:47:12,019 - INFO - Player O placed O at (1, 3).
2023-11-27 13:47:12,020 - INFO - Player O wins the game.
2023-11-27 13:47:12,021 - INFO - Game ended.
2023-11-27 13:47:15,604 - INFO - Game started.
2023-11-27 13:47:17,519 - INFO - player X is human
2023-11-27 13:47:18,354 - INFO - player O is bot
2023-11-27 13:47:22,077 - INFO - Player X placed X at (1, 1).
2023-11-27 13:47:22,078 - INFO - Player O placed O at (1, 2).
2023-11-27 13:47:24,868 - INFO - Player X placed X at (3, 1).
2023-11-27 13:47:24,869 - INFO - Player O placed O at (2, 3).
2023-11-27 13:47:27,410 - INFO - Player X placed X at (2, 1).
2023-11-27 13:47:27,411 - INFO - Player X wins the game.
2023-11-27 13:47:27,412 - INFO - Game ended.
2023-11-27 13:47:30,192 - INFO - Game started.
2023-11-27 13:47:31,279 - INFO - player X is bot
2023-11-27 13:47:32,503 - INFO - player O is human
2023-11-27 13:47:32,503 - INFO - Player X placed X at (2, 1).
2023-11-27 13:47:36,691 - INFO - Player O placed O at (2, 2).
2023-11-27 13:47:36,692 - INFO - Player X placed X at (3, 2).
2023-11-27 13:47:41,440 - INFO - Player O placed O at (3, 3).
2023-11-27 13:47:41,440 - INFO - Player X placed X at (1, 3).
2023-11-27 13:47:44,522 - INFO - Player O placed O at (1, 1).
2023-11-27 13:47:44,523 - INFO - Player O wins the game.
2023-11-27 13:47:44,525 - INFO - Game ended.
2023-11-27 13:47:47,274 - INFO - Game started.
2023-11-27 13:47:49,155 - INFO - player X is bot
2023-11-27 13:47:50,258 - INFO - player O is human
2023-11-27 13:47:50,258 - INFO - Player X placed X at (2, 3).
2023-11-27 13:47:52,791 - INFO - Player O placed O at (2, 2).
2023-11-27 13:47:52,792 - INFO - Player X placed X at (3, 1).
2023-11-27 13:47:57,212 - INFO - Player O placed O at (3, 3).
2023-11-27 13:47:57,213 - INFO - Player X placed X at (1, 2).
2023-11-27 13:47:59,372 - INFO - Player O placed O at (1, 1).
2023-11-27 13:47:59,373 - INFO - Player O wins the game.
2023-11-27 13:47:59,375 - INFO - Game ended.
2023-11-27 13:48:02,311 - INFO - Game started.
2023-11-27 13:48:04,254 - INFO - player X is bot
2023-11-27 13:48:05,333 - INFO - player O is human
2023-11-27 13:48:05,334 - INFO - Player X placed X at (2, 2).
2023-11-27 13:48:08,947 - INFO - Player O placed O at (1, 1).
2023-11-27 13:48:08,948 - INFO - Player X placed X at (3, 2).
2023-11-27 13:48:13,727 - INFO - Player O placed O at (1, 2).
2023-11-27 13:48:13,728 - INFO - Player X placed X at (2, 1).
2023-11-27 13:48:15,987 - INFO - Player O placed O at (1, 3).
2023-11-27 13:48:15,988 - INFO - Player O wins the game.
2023-11-27 13:48:15,990 - INFO - Game ended.
2023-11-27 13:48:19,219 - INFO - Game started.
2023-11-27 13:48:21,547 - INFO - player X is bot
2023-11-27 13:48:22,681 - INFO - player O is human
2023-11-27 13:48:22,695 - INFO - Player X placed X at (3, 2).
2023-11-27 13:48:25,630 - INFO - Player O placed O at (3, 3).
2023-11-27 13:48:25,631 - INFO - Player X placed X at (1, 1).
2023-11-27 13:48:30,221 - INFO - Player O placed O at (2, 3).
2023-11-27 13:48:30,222 - INFO - Player X placed X at (2, 1).
2023-11-27 13:48:33,628 - INFO - Player O placed O at (1, 3).
2023-11-27 13:48:33,629 - INFO - Player O wins the game.
2023-11-27 13:48:33,631 - INFO - Game ended.
2023-11-27 13:48:36,207 - INFO - Game started.
2023-11-27 13:48:37,993 - INFO - player X is bot
2023-11-27 13:48:39,163 - INFO - player O is human
2023-11-27 13:48:39,163 - INFO - Player X placed X at (3, 3).
2023-11-27 13:48:41,021 - INFO - Player O placed O at (1, 1).
2023-11-27 13:48:41,022 - INFO - Player X placed X at (3, 2).
2023-11-27 13:48:45,499 - INFO - Player O placed O at (3, 1).
2023-11-27 13:48:45,500 - INFO - Player X placed X at (2, 1).
2023-11-27 13:48:48,683 - INFO - Player O placed O at (1, 2).
2023-11-27 13:48:48,684 - INFO - Player X placed X at (2, 3).
2023-11-27 13:48:55,320 - INFO - Player O placed O at (1, 3).
2023-11-27 13:48:55,321 - INFO - Player O wins the game.
2023-11-27 13:48:55,324 - INFO - Game ended.
2023-11-27 13:48:59,312 - INFO - Game started.
2023-11-27 13:49:00,755 - INFO - player X is bot
2023-11-27 13:49:01,754 - INFO - player O is bot
2023-11-27 13:49:01,756 - INFO - Player X placed X at (1, 1).
2023-11-27 13:49:01,756 - INFO - Player O placed O at (3, 1).
2023-11-27 13:49:01,757 - INFO - Player X placed X at (2, 2).
2023-11-27 13:49:01,759 - INFO - Player O placed O at (1, 2).
2023-11-27 13:49:01,759 - INFO - Player X placed X at (2, 1).
2023-11-27 13:49:01,760 - INFO - Player O placed O at (2, 3).
2023-11-27 13:49:01,761 - INFO - Player X placed X at (3, 3).
2023-11-27 13:49:01,762 - INFO - Player X wins the game.
2023-11-27 13:49:01,764 - INFO - Game ended.
2023-11-27 13:49:58,198 - INFO - Game started.
2023-11-27 13:50:01,370 - INFO - player X is bot
2023-11-27 13:50:02,966 - INFO - player O is bot
2023-11-27 13:50:02,968 - INFO - Player X placed X at (3, 3).
2023-11-27 13:50:02,969 - INFO - Player O placed O at (1, 2).
2023-11-27 13:50:02,970 - INFO - Player X placed X at (1, 1).
2023-11-27 13:50:02,971 - INFO - Player O placed O at (3, 2).
2023-11-27 13:50:02,972 - INFO - Player X placed X at (2, 3).
2023-11-27 13:50:02,973 - INFO - Player O placed O at (2, 1).
2023-11-27 13:50:02,975 - INFO - Player X placed X at (3, 1).
2023-11-27 13:50:02,976 - INFO - Player O placed O at (1, 3).
2023-11-27 13:50:02,977 - INFO - Player X placed X at (2, 2).
2023-11-27 13:50:02,978 - INFO - Player X wins the game.
2023-11-27 13:50:02,981 - INFO - Game ended.
2023-11-27 13:50:04,861 - INFO - Game started.
2023-11-27 13:50:06,030 - INFO - player X is bot
2023-11-27 13:50:06,881 - INFO - player O is bot
2023-11-27 13:50:06,884 - INFO - Player X placed X at (1, 1).
2023-11-27 13:50:06,885 - INFO - Player O placed O at (2, 1).
2023-11-27 13:50:06,885 - INFO - Player X placed X at (2, 3).
2023-11-27 13:50:06,888 - INFO - Player O placed O at (3, 2).
2023-11-27 13:50:06,888 - INFO - Player X placed X at (3, 3).
2023-11-27 13:50:06,890 - INFO - Player O placed O at (2, 2).
2023-11-27 13:50:06,891 - INFO - Player X placed X at (1, 3).
2023-11-27 13:50:06,891 - INFO - Player X wins the game.
2023-11-27 13:50:06,893 - INFO - Game ended.
2023-11-27 13:50:09,407 - INFO - Game started.
2023-11-27 13:50:10,480 - INFO - player X is bot
2023-11-27 13:50:11,293 - INFO - player O is bopt
2023-11-27 13:50:11,295 - INFO - Player X placed X at (1, 3).
2023-11-27 13:50:11,295 - INFO - Player O placed O at (2, 2).
2023-11-27 13:50:11,295 - INFO - Player X placed X at (2, 3).
2023-11-27 13:50:11,295 - INFO - Player O placed O at (1, 2).
2023-11-27 13:50:11,295 - INFO - Player X placed X at (3, 2).
2023-11-27 13:50:11,295 - INFO - Player O placed O at (3, 3).
2023-11-27 13:50:11,299 - INFO - Player X placed X at (2, 1).
2023-11-27 13:50:11,300 - INFO - Player O placed O at (1, 1).
2023-11-27 13:50:11,301 - INFO - Player O wins the game.
2023-11-27 13:50:11,301 - INFO - Game ended.
2023-11-27 13:50:25,334 - INFO - Game started.
2023-11-27 13:50:28,616 - INFO - player X is bot
2023-11-27 13:50:29,418 - INFO - player O is bot
2023-11-27 13:50:29,419 - INFO - Player X placed X at (2, 1).
2023-11-27 13:50:29,419 - INFO - Player O placed O at (2, 2).
2023-11-27 13:50:29,420 - INFO - Player X placed X at (1, 3).
2023-11-27 13:50:29,420 - INFO - Player O placed O at (2, 3).
2023-11-27 13:50:29,421 - INFO - Player X placed X at (3, 2).
2023-11-27 13:50:29,421 - INFO - Player O placed O at (3, 3).
2023-11-27 13:50:29,423 - INFO - Player X placed X at (3, 1).
2023-11-27 13:50:29,423 - INFO - Player O placed O at (1, 1).
2023-11-27 13:50:29,423 - INFO - Player O wins the game.
2023-11-27 13:50:29,426 - INFO - Game ended.
2023-11-27 13:50:31,603 - INFO - Game started.
2023-11-27 13:50:32,735 - INFO - player X is bot
2023-11-27 13:50:33,410 - INFO - player O is bot
2023-11-27 13:50:33,413 - INFO - Player X placed X at (3, 3).
2023-11-27 13:50:33,413 - INFO - Player O placed O at (1, 2).
2023-11-27 13:50:33,414 - INFO - Player X placed X at (2, 3).
2023-11-27 13:50:33,415 - INFO - Player O placed O at (3, 2).
2023-11-27 13:50:33,415 - INFO - Player X placed X at (3, 1).
2023-11-27 13:50:33,415 - INFO - Player O placed O at (1, 1).
2023-11-27 13:50:33,417 - INFO - Player X placed X at (2, 2).
2023-11-27 13:50:33,418 - INFO - Player O placed O at (1, 3).
2023-11-27 13:50:33,419 - INFO - Player O wins the game.
2023-11-27 13:50:33,420 - INFO - Game ended.
2023-11-27 13:50:35,671 - INFO - Game started.
2023-11-27 13:50:36,703 - INFO - player X is bot
2023-11-27 13:50:37,563 - INFO - player O is bot
2023-11-27 13:50:37,564 - INFO - Player X placed X at (1, 2).
2023-11-27 13:50:37,564 - INFO - Player O placed O at (3, 3).
2023-11-27 13:50:37,565 - INFO - Player X placed X at (3, 1).
2023-11-27 13:50:37,566 - INFO - Player O placed O at (3, 2).
2023-11-27 13:50:37,566 - INFO - Player X placed X at (2, 2).
2023-11-27 13:50:37,567 - INFO - Player O placed O at (2, 3).
2023-11-27 13:50:37,567 - INFO - Player X placed X at (1, 3).
2023-11-27 13:50:37,568 - INFO - Player X wins the game.
2023-11-27 13:50:37,568 - INFO - Game ended.
2023-11-27 13:50:39,571 - INFO - Game started.
2023-11-27 13:50:40,556 - INFO - player X is bot
2023-11-27 13:50:41,681 - INFO - player O is bot
2023-11-27 13:50:41,682 - INFO - Player X placed X at (3, 3).
2023-11-27 13:50:41,684 - INFO - Player O placed O at (2, 1).
2023-11-27 13:50:41,685 - INFO - Player X placed X at (2, 3).
2023-11-27 13:50:41,685 - INFO - Player O placed O at (1, 1).
2023-11-27 13:50:41,686 - INFO - Player X placed X at (2, 2).
2023-11-27 13:50:41,687 - INFO - Player O placed O at (1, 3).
2023-11-27 13:50:41,688 - INFO - Player X placed X at (3, 1).
2023-11-27 13:50:41,690 - INFO - Player O placed O at (1, 2).
2023-11-27 13:50:41,693 - INFO - Player O wins the game.
2023-11-27 13:50:41,699 - INFO - Game ended.
2023-11-27 13:50:48,899 - INFO - Game started.
2023-11-27 13:50:52,098 - INFO - player X is bot
2023-11-27 13:50:52,807 - INFO - player O is bot
2023-11-27 13:50:52,809 - INFO - Player X placed X at (2, 1).
2023-11-27 13:50:52,810 - INFO - Player O placed O at (1, 1).
2023-11-27 13:50:52,810 - INFO - Player X placed X at (2, 3).
2023-11-27 13:50:52,810 - INFO - Player O placed O at (1, 3).
2023-11-27 13:50:52,810 - INFO - Player X placed X at (3, 1).
2023-11-27 13:50:52,812 - INFO - Player O placed O at (1, 2).
2023-11-27 13:50:52,813 - INFO - Player O wins the game.
2023-11-27 13:50:52,815 - INFO - Game ended.
2023-11-27 13:52:48,562 - INFO - Game started.
2023-11-27 13:52:53,230 - INFO - player X is bot
2023-11-27 13:52:54,018 - INFO - player O is bot
2023-11-27 13:52:54,019 - INFO - Player X placed X at (3, 1).
2023-11-27 13:52:54,020 - INFO - Player O placed O at (3, 3).
2023-11-27 13:52:54,020 - INFO - Player X placed X at (1, 3).
2023-11-27 13:52:54,021 - INFO - Player O placed O at (1, 1).
2023-11-27 13:52:54,022 - INFO - Player X placed X at (2, 2).
2023-11-27 13:52:54,024 - INFO - Player X wins the game.
2023-11-27 13:52:54,025 - INFO - Game ended.
2023-11-27 13:52:56,786 - INFO - Game started.
2023-11-27 13:52:57,990 - INFO - player X is bot
2023-11-27 13:52:58,698 - INFO - player O is bot
2023-11-27 13:52:58,698 - INFO - Player X placed X at (1, 3).
2023-11-27 13:52:58,712 - INFO - Player O placed O at (2, 1).
2023-11-27 13:52:58,712 - INFO - Player X placed X at (3, 2).
2023-11-27 13:52:58,714 - INFO - Player O placed O at (1, 1).
2023-11-27 13:52:58,714 - INFO - Player X placed X at (2, 2).
2023-11-27 13:52:58,715 - INFO - Player O placed O at (2, 3).
2023-11-27 13:52:58,716 - INFO - Player X placed X at (3, 3).
2023-11-27 13:52:58,718 - INFO - Player O placed O at (1, 2).
2023-11-27 13:52:58,719 - INFO - Player X placed X at (3, 1).
2023-11-27 13:52:58,720 - INFO - Player X wins the game.
2023-11-27 13:52:58,722 - INFO - Game ended.
2023-11-27 13:53:01,681 - INFO - Game started.
2023-11-27 13:53:03,434 - INFO - player X is bot
2023-11-27 13:53:04,987 - INFO - player O is bot
2023-11-27 13:53:04,988 - INFO - Player X placed X at (1, 1).
2023-11-27 13:53:04,990 - INFO - Player O placed O at (1, 2).
2023-11-27 13:53:04,991 - INFO - Player X placed X at (2, 2).
2023-11-27 13:53:04,991 - INFO - Player O placed O at (2, 1).
2023-11-27 13:53:04,992 - INFO - Player X placed X at (3, 2).
2023-11-27 13:53:04,994 - INFO - Player O placed O at (3, 3).
2023-11-27 13:53:04,995 - INFO - Player X placed X at (1, 3).
2023-11-27 13:53:04,996 - INFO - Player O placed O at (3, 1).
2023-11-27 13:53:04,997 - INFO - Player X placed X at (2, 3).
2023-11-27 13:53:04,997 - INFO - The game ended in a draw.
2023-11-27 13:53:05,028 - INFO - Game ended.
2023-11-27 13:53:06,719 - INFO - Game started.
2023-11-27 13:53:07,777 - INFO - player X is bot
2023-11-27 13:53:08,833 - INFO - player O is bot
2023-11-27 13:53:08,835 - INFO - Player X placed X at (2, 3).
2023-11-27 13:53:08,836 - INFO - Player O placed O at (2, 1).
2023-11-27 13:53:08,837 - INFO - Player X placed X at (2, 2).
2023-11-27 13:53:08,838 - INFO - Player O placed O at (1, 3).
2023-11-27 13:53:08,838 - INFO - Player X placed X at (3, 3).
2023-11-27 13:53:08,840 - INFO - Player O placed O at (3, 1).
2023-11-27 13:53:08,841 - INFO - Player X placed X at (1, 2).
2023-11-27 13:53:08,842 - INFO - Player O placed O at (3, 2).
2023-11-27 13:53:08,843 - INFO - Player X placed X at (1, 1).
2023-11-27 13:53:08,844 - INFO - Player X wins the game.
2023-11-27 13:53:08,847 - INFO - Game ended.
2023-11-27 13:53:09,907 - INFO - Game started.
2023-11-27 13:53:11,389 - INFO - player X is bot
2023-11-27 13:53:13,178 - INFO - player O is bot
2023-11-27 13:53:13,179 - INFO - Player X placed X at (1, 1).
2023-11-27 13:53:13,180 - INFO - Player O placed O at (2, 1).
2023-11-27 13:53:13,182 - INFO - Player X placed X at (2, 3).
2023-11-27 13:53:13,182 - INFO - Player O placed O at (1, 2).
2023-11-27 13:53:13,184 - INFO - Player X placed X at (3, 3).
2023-11-27 13:53:13,185 - INFO - Player O placed O at (3, 2).
2023-11-27 13:53:13,186 - INFO - Player X placed X at (2, 2).
2023-11-27 13:53:13,187 - INFO - Player X wins the game.
2023-11-27 13:53:13,188 - INFO - Game ended.
2023-11-27 13:53:14,528 - INFO - Game started.
2023-11-27 13:53:15,452 - INFO - player X is bot
2023-11-27 13:53:16,392 - INFO - player O is bot
2023-11-27 13:53:16,392 - INFO - Player X placed X at (2, 1).
2023-11-27 13:53:16,408 - INFO - Player O placed O at (3, 3).
2023-11-27 13:53:16,409 - INFO - Player X placed X at (1, 1).
2023-11-27 13:53:16,409 - INFO - Player O placed O at (3, 1).
2023-11-27 13:53:16,411 - INFO - Player X placed X at (1, 3).
2023-11-27 13:53:16,412 - INFO - Player O placed O at (1, 2).
2023-11-27 13:53:16,412 - INFO - Player X placed X at (2, 3).
2023-11-27 13:53:16,412 - INFO - Player O placed O at (3, 2).
2023-11-27 13:53:16,414 - INFO - Player O wins the game.
2023-11-27 13:53:16,417 - INFO - Game ended.
2023-11-27 13:53:20,111 - INFO - Game started.
2023-11-27 13:53:21,178 - INFO - player X is bot
2023-11-27 13:53:22,324 - INFO - player O is bot
2023-11-27 13:53:22,324 - INFO - Player X placed X at (3, 2).
2023-11-27 13:53:22,326 - INFO - Player O placed O at (1, 3).
2023-11-27 13:53:22,326 - INFO - Player X placed X at (1, 2).
2023-11-27 13:53:22,326 - INFO - Player O placed O at (3, 1).
2023-11-27 13:53:22,326 - INFO - Player X placed X at (2, 2).
2023-11-27 13:53:22,329 - INFO - Player X wins the game.
2023-11-27 13:53:22,330 - INFO - Game ended.
2023-11-27 13:53:24,518 - INFO - Game started.
2023-11-27 13:53:25,609 - INFO - player X is bot
2023-11-27 13:53:26,700 - INFO - player O is bot
2023-11-27 13:53:26,700 - INFO - Player X placed X at (1, 3).
2023-11-27 13:53:26,703 - INFO - Player O placed O at (3, 3).
2023-11-27 13:53:26,703 - INFO - Player X placed X at (3, 2).
2023-11-27 13:53:26,704 - INFO - Player O placed O at (2, 1).
2023-11-27 13:53:26,705 - INFO - Player X placed X at (3, 1).
2023-11-27 13:53:26,705 - INFO - Player O placed O at (1, 2).
2023-11-27 13:53:26,705 - INFO - Player X placed X at (2, 3).
2023-11-27 13:53:26,706 - INFO - Player O placed O at (1, 1).
2023-11-27 13:53:26,708 - INFO - Player X placed X at (2, 2).
2023-11-27 13:53:26,709 - INFO - Player X wins the game.
2023-11-27 13:53:26,711 - INFO - Game ended.
2023-11-27 13:53:30,221 - INFO - Game started.
2023-11-27 13:53:31,371 - INFO - player X is bot
2023-11-27 13:53:32,518 - INFO - player O is bot
2023-11-27 13:53:32,518 - INFO - Player X placed X at (3, 1).
2023-11-27 13:53:32,520 - INFO - Player O placed O at (3, 3).
2023-11-27 13:53:32,520 - INFO - Player X placed X at (1, 2).
2023-11-27 13:53:32,521 - INFO - Player O placed O at (3, 2).
2023-11-27 13:53:32,521 - INFO - Player X placed X at (2, 1).
2023-11-27 13:53:32,521 - INFO - Player O placed O at (1, 3).
2023-11-27 13:53:32,521 - INFO - Player X placed X at (1, 1).
2023-11-27 13:53:32,523 - INFO - Player X wins the game.
2023-11-27 13:53:32,526 - INFO - Game ended.
2023-11-27 13:53:33,812 - INFO - Game started.
2023-11-27 13:53:35,083 - INFO - player X is bot
2023-11-27 13:53:36,094 - INFO - player O is bot
2023-11-27 13:53:36,108 - INFO - Player X placed X at (1, 2).
2023-11-27 13:53:36,108 - INFO - Player O placed O at (3, 3).
2023-11-27 13:53:36,109 - INFO - Player X placed X at (3, 1).
2023-11-27 13:53:36,109 - INFO - Player O placed O at (2, 2).
2023-11-27 13:53:36,110 - INFO - Player X placed X at (2, 3).
2023-11-27 13:53:36,112 - INFO - Player O placed O at (3, 2).
2023-11-27 13:53:36,112 - INFO - Player X placed X at (1, 1).
2023-11-27 13:53:36,112 - INFO - Player O placed O at (1, 3).
2023-11-27 13:53:36,114 - INFO - Player X placed X at (2, 1).
2023-11-27 13:53:36,115 - INFO - Player X wins the game.
2023-11-27 13:53:36,116 - INFO - Game ended.
2023-11-27 13:53:38,054 - INFO - Game started.
2023-11-27 13:53:39,165 - INFO - player X is bot
2023-11-27 13:53:40,303 - INFO - player O is bot
2023-11-27 13:53:40,304 - INFO - Player X placed X at (2, 1).
2023-11-27 13:53:40,304 - INFO - Player O placed O at (1, 2).
2023-11-27 13:53:40,304 - INFO - Player X placed X at (3, 3).
2023-11-27 13:53:40,304 - INFO - Player O placed O at (1, 3).
2023-11-27 13:53:40,304 - INFO - Player X placed X at (2, 3).
2023-11-27 13:53:40,307 - INFO - Player O placed O at (3, 1).
2023-11-27 13:53:40,307 - INFO - Player X placed X at (3, 2).
2023-11-27 13:53:40,308 - INFO - Player O placed O at (2, 2).
2023-11-27 13:53:40,308 - INFO - Player O wins the game.
2023-11-27 13:53:40,311 - INFO - Game ended.
2023-11-27 13:53:41,507 - INFO - Game started.
2023-11-27 13:53:42,564 - INFO - player X is bot
2023-11-27 13:53:43,554 - INFO - player O is bot
2023-11-27 13:53:43,555 - INFO - Player X placed X at (2, 2).
2023-11-27 13:53:43,555 - INFO - Player O placed O at (3, 3).
2023-11-27 13:53:43,556 - INFO - Player X placed X at (1, 1).
2023-11-27 13:53:43,557 - INFO - Player O placed O at (3, 1).
2023-11-27 13:53:43,557 - INFO - Player X placed X at (3, 2).
2023-11-27 13:53:43,558 - INFO - Player O placed O at (1, 3).
2023-11-27 13:53:43,560 - INFO - Player X placed X at (2, 1).
2023-11-27 13:53:43,560 - INFO - Player O placed O at (2, 3).
2023-11-27 13:53:43,561 - INFO - Player O wins the game.
2023-11-27 13:53:43,563 - INFO - Game ended.
2023-11-27 13:53:44,761 - INFO - Game started.
2023-11-27 13:53:45,858 - INFO - player X is bot
2023-11-27 13:53:47,277 - INFO - player O is bot
2023-11-27 13:53:47,278 - INFO - Player X placed X at (2, 3).
2023-11-27 13:53:47,278 - INFO - Player O placed O at (2, 1).
2023-11-27 13:53:47,278 - INFO - Player X placed X at (3, 3).
2023-11-27 13:53:47,280 - INFO - Player O placed O at (1, 1).
2023-11-27 13:53:47,281 - INFO - Player X placed X at (3, 1).
2023-11-27 13:53:47,281 - INFO - Player O placed O at (1, 3).
2023-11-27 13:53:47,282 - INFO - Player X placed X at (2, 2).
2023-11-27 13:53:47,282 - INFO - Player O placed O at (1, 2).
2023-11-27 13:53:47,283 - INFO - Player O wins the game.
2023-11-27 13:53:47,284 - INFO - Game ended.
2023-11-27 13:53:48,072 - INFO - Game started.
2023-11-27 13:53:49,132 - INFO - player X is bot
2023-11-27 13:53:50,090 - INFO - player O is bot
2023-11-27 13:53:50,090 - INFO - Player X placed X at (2, 2).
2023-11-27 13:53:50,090 - INFO - Player O placed O at (3, 2).
2023-11-27 13:53:50,104 - INFO - Player X placed X at (2, 1).
2023-11-27 13:53:50,104 - INFO - Player O placed O at (1, 1).
2023-11-27 13:53:50,105 - INFO - Player X placed X at (1, 2).
2023-11-27 13:53:50,106 - INFO - Player O placed O at (2, 3).
2023-11-27 13:53:50,106 - INFO - Player X placed X at (3, 3).
2023-11-27 13:53:50,106 - INFO - Player O placed O at (1, 3).
2023-11-27 13:53:50,108 - INFO - Player X placed X at (3, 1).
2023-11-27 13:53:50,109 - INFO - The game ended in a draw.
2023-11-27 13:53:50,110 - INFO - Game ended.
2023-11-27 13:53:51,564 - INFO - Game started.
2023-11-27 13:53:52,608 - INFO - player X is bot
2023-11-27 13:53:53,723 - INFO - player O is bot
2023-11-27 13:53:53,723 - INFO - Player X placed X at (3, 1).
2023-11-27 13:53:53,726 - INFO - Player O placed O at (1, 2).
2023-11-27 13:53:53,726 - INFO - Player X placed X at (3, 2).
2023-11-27 13:53:53,727 - INFO - Player O placed O at (1, 3).
2023-11-27 13:53:53,727 - INFO - Player X placed X at (3, 3).
2023-11-27 13:53:53,729 - INFO - Player X wins the game.
2023-11-27 13:53:53,730 - INFO - Game ended.
2023-11-27 13:53:55,414 - INFO - Game started.
2023-11-27 13:53:56,436 - INFO - player X is bot
2023-11-27 13:53:57,447 - INFO - player O is bot
2023-11-27 13:53:57,449 - INFO - Player X placed X at (2, 3).
2023-11-27 13:53:57,450 - INFO - Player O placed O at (3, 2).
2023-11-27 13:53:57,450 - INFO - Player X placed X at (1, 2).
2023-11-27 13:53:57,450 - INFO - Player O placed O at (1, 1).
2023-11-27 13:53:57,450 - INFO - Player X placed X at (3, 3).
2023-11-27 13:53:57,452 - INFO - Player O placed O at (2, 1).
2023-11-27 13:53:57,454 - INFO - Player X placed X at (3, 1).
2023-11-27 13:53:57,454 - INFO - Player O placed O at (1, 3).
2023-11-27 13:53:57,455 - INFO - Player X placed X at (2, 2).
2023-11-27 13:53:57,456 - INFO - The game ended in a draw.
2023-11-27 13:53:57,457 - INFO - Game ended.
2023-11-27 13:54:30,130 - INFO - Game started.
2023-11-27 13:54:31,323 - INFO - player X is bot
2023-11-27 13:54:32,335 - INFO - player O is bot
2023-11-27 13:54:32,336 - INFO - Player X placed X at (1, 3).
2023-11-27 13:54:32,338 - INFO - Player O placed O at (3, 2).
2023-11-27 13:54:32,339 - INFO - Player X placed X at (1, 1).
2023-11-27 13:54:32,340 - INFO - Player O placed O at (3, 1).
2023-11-27 13:54:32,341 - INFO - Player X placed X at (2, 3).
2023-11-27 13:54:32,341 - INFO - Player O placed O at (3, 3).
2023-11-27 13:54:32,342 - INFO - Player O wins the game.
2023-11-27 13:54:32,344 - INFO - Game ended.
2023-11-27 13:54:33,595 - INFO - Game started.
2023-11-27 13:54:34,459 - INFO - player X is bot
2023-11-27 13:54:35,767 - INFO - player O is bot
2023-11-27 13:54:35,767 - INFO - Player X placed X at (3, 2).
2023-11-27 13:54:35,770 - INFO - Player O placed O at (2, 2).
2023-11-27 13:54:35,771 - INFO - Player X placed X at (2, 1).
2023-11-27 13:54:35,772 - INFO - Player O placed O at (1, 2).
2023-11-27 13:54:35,772 - INFO - Player X placed X at (2, 3).
2023-11-27 13:54:35,774 - INFO - Player O placed O at (3, 3).
2023-11-27 13:54:35,774 - INFO - Player X placed X at (1, 3).
2023-11-27 13:54:35,775 - INFO - Player O placed O at (1, 1).
2023-11-27 13:54:35,777 - INFO - Player O wins the game.
2023-11-27 13:54:35,778 - INFO - Game ended.
2023-11-27 13:54:36,700 - INFO - Game started.
2023-11-27 13:54:37,668 - INFO - player X is bot
2023-11-27 13:54:38,499 - INFO - player O is bot
2023-11-27 13:54:38,513 - INFO - Player X placed X at (2, 3).
2023-11-27 13:54:38,514 - INFO - Player O placed O at (1, 2).
2023-11-27 13:54:38,514 - INFO - Player X placed X at (3, 2).
2023-11-27 13:54:38,516 - INFO - Player O placed O at (3, 1).
2023-11-27 13:54:38,517 - INFO - Player X placed X at (2, 2).
2023-11-27 13:54:38,518 - INFO - Player O placed O at (1, 1).
2023-11-27 13:54:38,519 - INFO - Player X placed X at (2, 1).
2023-11-27 13:54:38,520 - INFO - Player X wins the game.
2023-11-27 13:54:38,522 - INFO - Game ended.
2023-11-27 13:54:40,108 - INFO - Game started.
2023-11-27 13:54:41,167 - INFO - player X is bot
2023-11-27 13:54:42,020 - INFO - player O is bot
2023-11-27 13:54:42,023 - INFO - Player X placed X at (2, 2).
2023-11-27 13:54:42,024 - INFO - Player O placed O at (3, 1).
2023-11-27 13:54:42,024 - INFO - Player X placed X at (2, 3).
2023-11-27 13:54:42,024 - INFO - Player O placed O at (3, 3).
2023-11-27 13:54:42,028 - INFO - Player X placed X at (2, 1).
2023-11-27 13:54:42,029 - INFO - Player X wins the game.
2023-11-27 13:54:42,031 - INFO - Game ended.
2023-11-27 14:17:50,973 - INFO - Game started.
2023-11-27 14:17:53,261 - INFO - player X is huamn
2023-11-27 14:17:55,297 - INFO - player O is human
2023-11-27 14:17:55,298 - INFO - Player X placed X at (3, 3).
2023-11-27 14:17:58,042 - INFO - Player O placed O at (1, 1).
2023-11-27 14:17:58,043 - INFO - Player X placed X at (2, 3).
2023-11-27 14:18:01,361 - INFO - Player O placed O at (2, 2).
2023-11-27 14:18:01,362 - INFO - Player X placed X at (2, 1).
2023-11-27 14:18:03,465 - INFO - Player O placed O at (1, 3).
2023-11-27 14:18:03,466 - INFO - Player X placed X at (1, 2).
2023-11-27 14:18:05,614 - INFO - Player O placed O at (3, 1).
2023-11-27 14:18:05,615 - INFO - Player O wins the game.
2023-11-27 14:18:05,618 - INFO - Game ended.
2023-11-27 14:18:08,744 - INFO - Game started.
2023-11-27 14:18:10,159 - INFO - player X is human
2023-11-27 14:18:11,419 - INFO - player O is human
2023-11-27 14:18:12,656 - INFO - Player X placed X at (1, 1).
2023-11-27 14:18:14,287 - INFO - Player O placed O at (2, 2).
2023-11-27 14:18:15,592 - INFO - Player X placed X at (3, 3).
2023-11-27 14:18:21,016 - INFO - Player O placed O at (1, 3).
2023-11-27 14:18:24,358 - INFO - Player X placed X at (2, 1).
2023-11-27 14:18:26,708 - INFO - Player O placed O at (3, 1).
2023-11-27 14:18:26,709 - INFO - Player O wins the game.
2023-11-27 14:18:26,712 - INFO - Game ended.
2023-11-27 14:18:30,139 - INFO - Game started.
2023-11-27 14:18:31,422 - INFO - player X is human
2023-11-27 14:18:33,212 - INFO - player O is human
2023-11-27 14:18:35,382 - INFO - Player X placed X at (2, 2).
2023-11-27 14:18:39,039 - INFO - Player O placed O at (1, 1).
2023-11-27 14:18:52,595 - INFO - Player X placed X at (1, 3).
2023-11-27 14:18:56,690 - INFO - Player O placed O at (3, 1).
2023-11-27 14:19:01,315 - INFO - Player X placed X at (2, 1).
2023-11-27 14:19:09,628 - INFO - Player O placed O at (2, 3).
2023-11-27 14:19:21,543 - INFO - Player X placed X at (1, 2).
2023-11-27 14:19:27,583 - INFO - Player O placed O at (3, 2).
2023-11-27 14:19:30,396 - INFO - Player X placed X at (3, 3).
2023-11-27 14:19:30,398 - INFO - The game ended in a draw.
2023-11-27 14:19:30,399 - INFO - Game ended.
2023-11-27 14:19:34,005 - INFO - Game started.
2023-11-27 14:19:35,324 - INFO - player X is human
2023-11-27 14:19:36,629 - INFO - player O is human
2023-11-27 14:19:39,216 - INFO - Player X placed X at (2, 2).
2023-11-27 14:19:48,149 - INFO - Player O placed O at (3, 1).
2023-11-27 14:19:59,636 - INFO - Player X placed X at (3, 3).
2023-11-27 14:20:01,786 - INFO - Player O placed O at (1, 1).
2023-11-27 14:20:16,027 - INFO - Player X placed X at (1, 2).
2023-11-27 14:20:20,212 - INFO - Player O placed O at (3, 2).
2023-11-27 14:20:32,847 - INFO - Player X placed X at (2, 3).
2023-11-27 14:20:43,298 - INFO - Player O placed O at (2, 1).
2023-11-27 14:20:43,299 - INFO - Player O wins the game.
2023-11-27 14:20:43,301 - INFO - Game ended.
2023-11-27 14:20:48,370 - INFO - Game started.
2023-11-27 14:20:50,667 - INFO - player X is human
2023-11-27 14:20:51,973 - INFO - player O is human
2023-11-27 14:20:54,854 - INFO - Player X placed X at (2, 2).
2023-11-27 14:21:02,525 - INFO - Player O placed O at (3, 3).
2023-11-27 14:21:15,936 - INFO - Player X placed X at (3, 1).
2023-11-27 14:21:22,744 - INFO - Player O placed O at (1, 3).
2023-11-27 14:21:26,477 - INFO - Player X placed X at (2, 3).
2023-11-27 14:21:33,925 - INFO - Player O placed O at (2, 1).
2023-11-27 14:21:44,490 - INFO - Player X placed X at (1, 2).
2023-11-27 14:21:49,653 - INFO - Player O placed O at (3, 2).
2023-11-27 14:21:51,666 - INFO - Player X placed X at (1, 1).
2023-11-27 14:21:51,668 - INFO - The game ended in a draw.
2023-11-27 14:21:51,670 - INFO - Game ended.
2023-11-27 14:21:54,643 - INFO - Game started.
2023-11-27 14:21:58,271 - INFO - player X is human
2023-11-27 14:21:59,474 - INFO - player O is human
2023-11-27 14:22:02,018 - INFO - Player X placed X at (2, 2).
2023-11-27 14:22:08,914 - INFO - Player O placed O at (3, 1).
2023-11-27 14:22:14,551 - INFO - Player X placed X at (1, 1).
2023-11-27 14:22:29,389 - INFO - Player O placed O at (3, 3).
2023-11-27 14:22:36,915 - INFO - Player X placed X at (1, 2).
2023-11-27 14:22:39,143 - INFO - Player O placed O at (1, 3).
2023-11-27 14:22:48,211 - INFO - Player X placed X at (3, 2).
2023-11-27 14:22:48,212 - INFO - Player X wins the game.
2023-11-27 14:22:48,215 - INFO - Game ended.
2023-11-27 14:22:50,330 - INFO - Game started.
2023-11-27 14:22:51,564 - INFO - player X is human
2023-11-27 14:22:52,711 - INFO - player O is human
2023-11-27 14:22:54,782 - INFO - Player X placed X at (2, 2).
2023-11-27 14:22:56,762 - INFO - Player O placed O at (1, 1).
2023-11-27 14:23:02,499 - INFO - Player X placed X at (3, 1).
2023-11-27 14:23:05,199 - INFO - Player O placed O at (1, 3).
2023-11-27 14:23:12,715 - INFO - Player X placed X at (2, 3).
2023-11-27 14:23:19,386 - INFO - Player O placed O at (2, 1).
2023-11-27 14:23:25,258 - INFO - Player X placed X at (3, 2).
2023-11-27 14:23:31,761 - INFO - Player O placed O at (1, 2).
2023-11-27 14:23:31,761 - INFO - Player O wins the game.
2023-11-27 14:23:31,764 - INFO - Game ended.
2023-11-28 14:14:40,785 - INFO - Game started.
2023-11-28 14:14:45,151 - INFO - player X is bot
2023-11-28 14:14:47,906 - INFO - player O is human
2023-11-28 14:14:47,907 - INFO - Player X placed X at (3, 1).
2023-11-28 14:14:53,711 - INFO - Player O placed O at (1, 3).
2023-11-28 14:14:53,711 - INFO - Player X placed X at (1, 1).
2023-11-28 14:15:02,472 - INFO - Player O placed O at (2, 3).
2023-11-28 14:15:02,473 - INFO - Player X placed X at (1, 2).
2023-11-28 14:15:05,983 - INFO - Player O placed O at (3, 3).
2023-11-28 14:15:05,984 - INFO - Player O wins the game.
2023-11-28 14:15:05,984 - INFO - Game ended.
